<?xml version="1.0" encoding="UTF-8"?>
<!-- Generated by org.testng.reporters.JUnitXMLReporter -->
<testsuite hostname="DESKTOP-HEOVU1M" name="Surefire test" tests="17" failures="2" timestamp="3 Dec 2016 10:31:31 GMT" time="312.668" errors="0">
  <testcase name="@BeforeMethod setUp" time="0.0" classname="roi4cio.TestLoginPage">
    <failure type="org.openqa.selenium.WebDriverException" message="Failed to decode response from marionette
Build info: version: &amp;apos;3.0.1&amp;apos;, revision: &amp;apos;1969d75&amp;apos;, time: &amp;apos;2016-10-18 09:49:13 -0700&amp;apos;
System info: host: &amp;apos;DESKTOP-HEOVU1M&amp;apos;, ip: &amp;apos;192.168.0.102&amp;apos;, os.name: &amp;apos;Windows 10&amp;apos;, os.arch: &amp;apos;amd64&amp;apos;, os.version: &amp;apos;10.0&amp;apos;, java.version: &amp;apos;1.8.0_91&amp;apos;
Driver info: org.openqa.selenium.firefox.FirefoxDriver
Capabilities [{rotatable=false, raisesAccessibilityExceptions=false, marionette=true, firefoxOptions={args=[], prefs={}}, appBuildId=20161129173726, version=, platform=XP, proxy={}, command_id=1, specificationLevel=0, acceptSslCerts=false, processId=5164, browserVersion=50.0.2, platformVersion=10.0, XULappId={ec8030f7-c20a-464f-9b0e-13a3a9e97384}, browserName=firefox, takesScreenshot=true, takesElementScreenshot=true, platformName=windows_nt}]
Session ID: b30462d9-8626-49de-a035-2ea038e30529">
      <![CDATA[org.openqa.selenium.WebDriverException: Failed to decode response from marionette
Build info: version: '3.0.1', revision: '1969d75', time: '2016-10-18 09:49:13 -0700'
System info: host: 'DESKTOP-HEOVU1M', ip: '192.168.0.102', os.name: 'Windows 10', os.arch: 'amd64', os.version: '10.0', java.version: '1.8.0_91'
Driver info: org.openqa.selenium.firefox.FirefoxDriver
Capabilities [{rotatable=false, raisesAccessibilityExceptions=false, marionette=true, firefoxOptions={args=[], prefs={}}, appBuildId=20161129173726, version=, platform=XP, proxy={}, command_id=1, specificationLevel=0, acceptSslCerts=false, processId=5164, browserVersion=50.0.2, platformVersion=10.0, XULappId={ec8030f7-c20a-464f-9b0e-13a3a9e97384}, browserName=firefox, takesScreenshot=true, takesElementScreenshot=true, platformName=windows_nt}]
Session ID: b30462d9-8626-49de-a035-2ea038e30529
	at org.openqa.selenium.remote.http.W3CHttpResponseCodec.createException(W3CHttpResponseCodec.java:127)
	at org.openqa.selenium.remote.http.W3CHttpResponseCodec.decode(W3CHttpResponseCodec.java:93)
	at org.openqa.selenium.remote.http.W3CHttpResponseCodec.decode(W3CHttpResponseCodec.java:42)
	at org.openqa.selenium.remote.HttpCommandExecutor.execute(HttpCommandExecutor.java:163)
	at org.openqa.selenium.remote.service.DriverCommandExecutor.execute(DriverCommandExecutor.java:82)
	at org.openqa.selenium.remote.RemoteWebDriver.execute(RemoteWebDriver.java:601)
	at org.openqa.selenium.remote.RemoteWebDriver.get(RemoteWebDriver.java:322)
	at roi4cio.login.ROI4CIO.roi4cioHomePage(ROI4CIO.java:21)
	at roi4cio.TestLoginPage.setUp(TestLoginPage.java:27)
... Removed 34 stack frames]]>
    </failure>
  </testcase> <!-- @BeforeMethod setUp -->
  <testcase name="@AfterMethod tearDown" time="0.0" classname="roi4cio.TestLoginPage">
    <failure type="org.openqa.selenium.WebDriverException" message="Tried to run command without establishing a connection
Build info: version: &amp;apos;3.0.1&amp;apos;, revision: &amp;apos;1969d75&amp;apos;, time: &amp;apos;2016-10-18 09:49:13 -0700&amp;apos;
System info: host: &amp;apos;DESKTOP-HEOVU1M&amp;apos;, ip: &amp;apos;192.168.0.102&amp;apos;, os.name: &amp;apos;Windows 10&amp;apos;, os.arch: &amp;apos;amd64&amp;apos;, os.version: &amp;apos;10.0&amp;apos;, java.version: &amp;apos;1.8.0_91&amp;apos;
Driver info: org.openqa.selenium.firefox.FirefoxDriver
Capabilities [{rotatable=false, raisesAccessibilityExceptions=false, marionette=true, firefoxOptions={args=[], prefs={}}, appBuildId=20161129173726, version=, platform=XP, proxy={}, command_id=1, specificationLevel=0, acceptSslCerts=false, processId=5164, browserVersion=50.0.2, platformVersion=10.0, XULappId={ec8030f7-c20a-464f-9b0e-13a3a9e97384}, browserName=firefox, takesScreenshot=true, takesElementScreenshot=true, platformName=windows_nt}]
Session ID: b30462d9-8626-49de-a035-2ea038e30529">
      <![CDATA[org.openqa.selenium.WebDriverException: Tried to run command without establishing a connection
Build info: version: '3.0.1', revision: '1969d75', time: '2016-10-18 09:49:13 -0700'
System info: host: 'DESKTOP-HEOVU1M', ip: '192.168.0.102', os.name: 'Windows 10', os.arch: 'amd64', os.version: '10.0', java.version: '1.8.0_91'
Driver info: org.openqa.selenium.firefox.FirefoxDriver
Capabilities [{rotatable=false, raisesAccessibilityExceptions=false, marionette=true, firefoxOptions={args=[], prefs={}}, appBuildId=20161129173726, version=, platform=XP, proxy={}, command_id=1, specificationLevel=0, acceptSslCerts=false, processId=5164, browserVersion=50.0.2, platformVersion=10.0, XULappId={ec8030f7-c20a-464f-9b0e-13a3a9e97384}, browserName=firefox, takesScreenshot=true, takesElementScreenshot=true, platformName=windows_nt}]
Session ID: b30462d9-8626-49de-a035-2ea038e30529
	at org.openqa.selenium.remote.http.W3CHttpResponseCodec.createException(W3CHttpResponseCodec.java:127)
	at org.openqa.selenium.remote.http.W3CHttpResponseCodec.decode(W3CHttpResponseCodec.java:93)
	at org.openqa.selenium.remote.http.W3CHttpResponseCodec.decode(W3CHttpResponseCodec.java:42)
	at org.openqa.selenium.remote.HttpCommandExecutor.execute(HttpCommandExecutor.java:163)
	at org.openqa.selenium.remote.service.DriverCommandExecutor.execute(DriverCommandExecutor.java:82)
	at org.openqa.selenium.remote.RemoteWebDriver.execute(RemoteWebDriver.java:601)
	at org.openqa.selenium.remote.RemoteWebDriver.execute(RemoteWebDriver.java:658)
	at org.openqa.selenium.remote.RemoteWebDriver.quit(RemoteWebDriver.java:497)
	at roi4cio.login.ROI4CIO.close(ROI4CIO.java:29)
	at roi4cio.TestLoginPage.tearDown(TestLoginPage.java:76)
... Removed 34 stack frames]]>
    </failure>
  </testcase> <!-- @AfterMethod tearDown -->
  <testcase name="testAddPdocutWithEmptyDeliveryAndCategory" time="6.507" classname="roi4cio.TestAddProduct"/>
  <testcase name="testAddProductCickOnYesInConfirmationPopup" time="10.265" classname="roi4cio.TestAddProduct"/>
  <testcase name="testAddProductCickOnYesInConfirmationPopupAfterErrors" time="12.005" classname="roi4cio.TestAddProduct"/>
  <testcase name="testAddProductConfirmationPopup" time="35.596" classname="roi4cio.TestAddProduct">
    <failure type="org.openqa.selenium.TimeoutException" message="Expected condition failed: waiting for visibility of all elements located by By.xpath: //*[@class=&amp;apos;modal_template_1&amp;apos;] (tried for 10 second(s) with 500 MILLISECONDS interval)
Build info: version: &amp;apos;3.0.1&amp;apos;, revision: &amp;apos;1969d75&amp;apos;, time: &amp;apos;2016-10-18 09:49:13 -0700&amp;apos;
System info: host: &amp;apos;DESKTOP-HEOVU1M&amp;apos;, ip: &amp;apos;192.168.0.102&amp;apos;, os.name: &amp;apos;Windows 10&amp;apos;, os.arch: &amp;apos;amd64&amp;apos;, os.version: &amp;apos;10.0&amp;apos;, java.version: &amp;apos;1.8.0_91&amp;apos;
Driver info: org.openqa.selenium.firefox.FirefoxDriver
Capabilities [{rotatable=false, raisesAccessibilityExceptions=false, marionette=true, firefoxOptions={args=[], prefs={}}, appBuildId=20161129173726, version=, platform=XP, proxy={}, command_id=1, specificationLevel=0, acceptSslCerts=false, processId=3912, browserVersion=50.0.2, platformVersion=10.0, XULappId={ec8030f7-c20a-464f-9b0e-13a3a9e97384}, browserName=firefox, takesScreenshot=true, takesElementScreenshot=true, platformName=windows_nt}]
Session ID: 21ec3319-668f-4d27-b94e-a99cd3e9300b">
      <![CDATA[org.openqa.selenium.TimeoutException: Expected condition failed: waiting for visibility of all elements located by By.xpath: //*[@class='modal_template_1'] (tried for 10 second(s) with 500 MILLISECONDS interval)
Build info: version: '3.0.1', revision: '1969d75', time: '2016-10-18 09:49:13 -0700'
System info: host: 'DESKTOP-HEOVU1M', ip: '192.168.0.102', os.name: 'Windows 10', os.arch: 'amd64', os.version: '10.0', java.version: '1.8.0_91'
Driver info: org.openqa.selenium.firefox.FirefoxDriver
Capabilities [{rotatable=false, raisesAccessibilityExceptions=false, marionette=true, firefoxOptions={args=[], prefs={}}, appBuildId=20161129173726, version=, platform=XP, proxy={}, command_id=1, specificationLevel=0, acceptSslCerts=false, processId=3912, browserVersion=50.0.2, platformVersion=10.0, XULappId={ec8030f7-c20a-464f-9b0e-13a3a9e97384}, browserName=firefox, takesScreenshot=true, takesElementScreenshot=true, platformName=windows_nt}]
Session ID: 21ec3319-668f-4d27-b94e-a99cd3e9300b
	at org.openqa.selenium.support.ui.WebDriverWait.timeoutException(WebDriverWait.java:80)
	at org.openqa.selenium.support.ui.FluentWait.until(FluentWait.java:265)
	at roi4cio.login.AddProductPage.Popup(AddProductPage.java:123)
	at roi4cio.TestAddProduct.testAddProductConfirmationPopup(TestAddProduct.java:118)
... Removed 28 stack frames]]>
    </failure>
  </testcase> <!-- testAddProductConfirmationPopup -->
  <testcase name="testAddProductWithEmptyAllFields" time="7.465" classname="roi4cio.TestAddProduct"/>
  <testcase name="testAddProductWithEmptyCategory" time="6.69" classname="roi4cio.TestAddProduct"/>
  <testcase name="testAddProductWithEmptyMandatoryFields" time="7.52" classname="roi4cio.TestAddProduct"/>
  <testcase name="testAddProductWithFilledAllFields" time="13.134" classname="roi4cio.TestAddProduct"/>
  <testcase name="testAddProductWithoutCountry" time="8.849" classname="roi4cio.TestAddProduct"/>
  <testcase name="testAddProduct" time="6.453" classname="roi4cio.TestAddProduct"/>
  <testcase name="testAddProductWithSameName" time="6.723" classname="roi4cio.TestAddProduct">
    <failure type="java.lang.AssertionError" message="Product with the same title couldn&amp;apos;t be created expected [false] but found [true]">
      <![CDATA[java.lang.AssertionError: Product with the same title couldn't be created expected [false] but found [true]
	at roi4cio.TestAddProduct.testAddProductWithSameName(TestAddProduct.java:52)
... Removed 31 stack frames]]>
    </failure>
  </testcase> <!-- testAddProductWithSameName -->
  <testcase name="EmailAndPasswordFieldsAreEmpty" time="1.873" classname="roi4cio.TestLoginPage"/>
  <testcase name="EmailFieldIsEmpty" time="2.019" classname="roi4cio.TestLoginPage"/>
  <testcase name="InvalidInputDataForLogin" time="2.172" classname="roi4cio.TestLoginPage"/>
  <testcase name="LogoutAfterLogin" time="3.945" classname="roi4cio.TestLoginPage"/>
  <testcase name="PasswordFieldIsEmpty" time="2.343" classname="roi4cio.TestLoginPage"/>
  <testcase name="ValidInputDataForlogin" time="0.0" classname="roi4cio.TestLoginPage">
    <skipped/>
  </testcase> <!-- ValidInputDataForlogin -->
</testsuite> <!-- Surefire test -->
