<?xml version="1.0" encoding="UTF-8"?>
<!-- Generated by org.testng.reporters.JUnitXMLReporter -->
<testsuite hostname="DESKTOP-HEOVU1M" name="Default test" tests="6" failures="0" timestamp="2 Dec 2016 23:03:46 GMT" time="83.401" errors="0">
  <testcase name="EmailAndPasswordFieldsAreEmpty" time="2.876" classname="roi4cio.TestLoginPage"/>
  <testcase name="EmailFieldIsEmpty" time="3.291" classname="roi4cio.TestLoginPage"/>
  <testcase name="InvalidInputDataForLogin" time="3.778" classname="roi4cio.TestLoginPage"/>
  <testcase name="LogoutAfterLogin" time="5.269" classname="roi4cio.TestLoginPage"/>
  <testcase name="PasswordFieldIsEmpty" time="3.398" classname="roi4cio.TestLoginPage"/>
  <testcase name="ValidInputDataForlogin" time="5.93" classname="roi4cio.TestLoginPage"/>
</testsuite> <!-- Default test -->
