<?xml version="1.0" encoding="UTF-8"?>
<testng-results skipped="0" failed="1" total="17" passed="16">
  <reporter-output>
  </reporter-output>
  <suite name="Surefire suite" duration-ms="323412" started-at="2016-12-02T23:10:21Z" finished-at="2016-12-02T23:15:44Z">
    <groups>
    </groups>
    <test name="Surefire test" duration-ms="323412" started-at="2016-12-02T23:10:21Z" finished-at="2016-12-02T23:15:44Z">
      <class name="roi4cio.TestLoginPage">
        <test-method status="PASS" signature="setUp()[pri:0, instance:roi4cio.TestLoginPage@5622fdf]" name="setUp" is-config="true" duration-ms="9137" started-at="2016-12-03T01:14:24Z" finished-at="2016-12-03T01:14:33Z">
          <reporter-output>
          </reporter-output>
        </test-method> <!-- setUp -->
        <test-method status="PASS" signature="EmailAndPasswordFieldsAreEmpty()[pri:0, instance:roi4cio.TestLoginPage@5622fdf]" name="EmailAndPasswordFieldsAreEmpty" duration-ms="3325" started-at="2016-12-03T01:14:33Z" finished-at="2016-12-03T01:14:36Z">
          <reporter-output>
          </reporter-output>
        </test-method> <!-- EmailAndPasswordFieldsAreEmpty -->
        <test-method status="PASS" signature="tearDown()[pri:0, instance:roi4cio.TestLoginPage@5622fdf]" name="tearDown" is-config="true" duration-ms="249" started-at="2016-12-03T01:14:36Z" finished-at="2016-12-03T01:14:36Z">
          <reporter-output>
          </reporter-output>
        </test-method> <!-- tearDown -->
        <test-method status="PASS" signature="setUp()[pri:0, instance:roi4cio.TestLoginPage@5622fdf]" name="setUp" is-config="true" duration-ms="9090" started-at="2016-12-03T01:14:36Z" finished-at="2016-12-03T01:14:45Z">
          <reporter-output>
          </reporter-output>
        </test-method> <!-- setUp -->
        <test-method status="PASS" signature="EmailFieldIsEmpty()[pri:0, instance:roi4cio.TestLoginPage@5622fdf]" name="EmailFieldIsEmpty" duration-ms="3582" started-at="2016-12-03T01:14:45Z" finished-at="2016-12-03T01:14:49Z">
          <reporter-output>
          </reporter-output>
        </test-method> <!-- EmailFieldIsEmpty -->
        <test-method status="PASS" signature="tearDown()[pri:0, instance:roi4cio.TestLoginPage@5622fdf]" name="tearDown" is-config="true" duration-ms="247" started-at="2016-12-03T01:14:49Z" finished-at="2016-12-03T01:14:49Z">
          <reporter-output>
          </reporter-output>
        </test-method> <!-- tearDown -->
        <test-method status="PASS" signature="setUp()[pri:0, instance:roi4cio.TestLoginPage@5622fdf]" name="setUp" is-config="true" duration-ms="8977" started-at="2016-12-03T01:14:49Z" finished-at="2016-12-03T01:14:58Z">
          <reporter-output>
          </reporter-output>
        </test-method> <!-- setUp -->
        <test-method status="PASS" signature="InvalidInputDataForLogin()[pri:0, instance:roi4cio.TestLoginPage@5622fdf]" name="InvalidInputDataForLogin" duration-ms="3474" started-at="2016-12-03T01:14:58Z" finished-at="2016-12-03T01:15:02Z">
          <reporter-output>
          </reporter-output>
        </test-method> <!-- InvalidInputDataForLogin -->
        <test-method status="PASS" signature="tearDown()[pri:0, instance:roi4cio.TestLoginPage@5622fdf]" name="tearDown" is-config="true" duration-ms="236" started-at="2016-12-03T01:15:02Z" finished-at="2016-12-03T01:15:02Z">
          <reporter-output>
          </reporter-output>
        </test-method> <!-- tearDown -->
        <test-method status="PASS" signature="setUp()[pri:0, instance:roi4cio.TestLoginPage@5622fdf]" name="setUp" is-config="true" duration-ms="9184" started-at="2016-12-03T01:15:02Z" finished-at="2016-12-03T01:15:11Z">
          <reporter-output>
          </reporter-output>
        </test-method> <!-- setUp -->
        <test-method status="PASS" signature="LogoutAfterLogin()[pri:0, instance:roi4cio.TestLoginPage@5622fdf]" name="LogoutAfterLogin" duration-ms="5450" started-at="2016-12-03T01:15:11Z" finished-at="2016-12-03T01:15:17Z">
          <reporter-output>
          </reporter-output>
        </test-method> <!-- LogoutAfterLogin -->
        <test-method status="PASS" signature="tearDown()[pri:0, instance:roi4cio.TestLoginPage@5622fdf]" name="tearDown" is-config="true" duration-ms="236" started-at="2016-12-03T01:15:17Z" finished-at="2016-12-03T01:15:17Z">
          <reporter-output>
          </reporter-output>
        </test-method> <!-- tearDown -->
        <test-method status="PASS" signature="setUp()[pri:0, instance:roi4cio.TestLoginPage@5622fdf]" name="setUp" is-config="true" duration-ms="9134" started-at="2016-12-03T01:15:17Z" finished-at="2016-12-03T01:15:26Z">
          <reporter-output>
          </reporter-output>
        </test-method> <!-- setUp -->
        <test-method status="PASS" signature="PasswordFieldIsEmpty()[pri:0, instance:roi4cio.TestLoginPage@5622fdf]" name="PasswordFieldIsEmpty" duration-ms="3379" started-at="2016-12-03T01:15:26Z" finished-at="2016-12-03T01:15:29Z">
          <reporter-output>
          </reporter-output>
        </test-method> <!-- PasswordFieldIsEmpty -->
        <test-method status="PASS" signature="tearDown()[pri:0, instance:roi4cio.TestLoginPage@5622fdf]" name="tearDown" is-config="true" duration-ms="252" started-at="2016-12-03T01:15:29Z" finished-at="2016-12-03T01:15:30Z">
          <reporter-output>
          </reporter-output>
        </test-method> <!-- tearDown -->
        <test-method status="PASS" signature="setUp()[pri:0, instance:roi4cio.TestLoginPage@5622fdf]" name="setUp" is-config="true" duration-ms="9138" started-at="2016-12-03T01:15:30Z" finished-at="2016-12-03T01:15:39Z">
          <reporter-output>
          </reporter-output>
        </test-method> <!-- setUp -->
        <test-method status="PASS" signature="ValidInputDataForlogin()[pri:0, instance:roi4cio.TestLoginPage@5622fdf]" name="ValidInputDataForlogin" duration-ms="5380" started-at="2016-12-03T01:15:39Z" finished-at="2016-12-03T01:15:44Z">
          <reporter-output>
          </reporter-output>
        </test-method> <!-- ValidInputDataForlogin -->
        <test-method status="PASS" signature="tearDown()[pri:0, instance:roi4cio.TestLoginPage@5622fdf]" name="tearDown" is-config="true" duration-ms="243" started-at="2016-12-03T01:15:44Z" finished-at="2016-12-03T01:15:44Z">
          <reporter-output>
          </reporter-output>
        </test-method> <!-- tearDown -->
      </class> <!-- roi4cio.TestLoginPage -->
      <class name="roi4cio.TestAddProduct">
        <test-method status="PASS" signature="setUp()[pri:0, instance:roi4cio.TestAddProduct@6093dd95]" name="setUp" is-config="true" duration-ms="13696" started-at="2016-12-03T01:10:21Z" finished-at="2016-12-03T01:10:35Z">
          <reporter-output>
          </reporter-output>
        </test-method> <!-- setUp -->
        <test-method status="PASS" signature="testAddPdocutWithEmptyDeliveryAndCategory()[pri:0, instance:roi4cio.TestAddProduct@6093dd95]" name="testAddPdocutWithEmptyDeliveryAndCategory" duration-ms="7734" started-at="2016-12-03T01:10:35Z" finished-at="2016-12-03T01:10:42Z">
          <reporter-output>
          </reporter-output>
        </test-method> <!-- testAddPdocutWithEmptyDeliveryAndCategory -->
        <test-method status="PASS" signature="tearDown()[pri:0, instance:roi4cio.TestAddProduct@6093dd95]" name="tearDown" is-config="true" duration-ms="399" started-at="2016-12-03T01:10:42Z" finished-at="2016-12-03T01:10:43Z">
          <reporter-output>
          </reporter-output>
        </test-method> <!-- tearDown -->
        <test-method status="PASS" signature="setUp()[pri:0, instance:roi4cio.TestAddProduct@6093dd95]" name="setUp" is-config="true" duration-ms="12581" started-at="2016-12-03T01:10:43Z" finished-at="2016-12-03T01:10:55Z">
          <reporter-output>
          </reporter-output>
        </test-method> <!-- setUp -->
        <test-method status="PASS" signature="testAddProductCickOnYesInConfirmationPopup()[pri:0, instance:roi4cio.TestAddProduct@6093dd95]" name="testAddProductCickOnYesInConfirmationPopup" duration-ms="11022" started-at="2016-12-03T01:10:55Z" finished-at="2016-12-03T01:11:06Z">
          <reporter-output>
          </reporter-output>
        </test-method> <!-- testAddProductCickOnYesInConfirmationPopup -->
        <test-method status="PASS" signature="tearDown()[pri:0, instance:roi4cio.TestAddProduct@6093dd95]" name="tearDown" is-config="true" duration-ms="555" started-at="2016-12-03T01:11:06Z" finished-at="2016-12-03T01:11:07Z">
          <reporter-output>
          </reporter-output>
        </test-method> <!-- tearDown -->
        <test-method status="PASS" signature="setUp()[pri:0, instance:roi4cio.TestAddProduct@6093dd95]" name="setUp" is-config="true" duration-ms="12925" started-at="2016-12-03T01:11:07Z" finished-at="2016-12-03T01:11:20Z">
          <reporter-output>
          </reporter-output>
        </test-method> <!-- setUp -->
        <test-method status="PASS" signature="testAddProductCickOnYesInConfirmationPopupAfterErrors()[pri:0, instance:roi4cio.TestAddProduct@6093dd95]" name="testAddProductCickOnYesInConfirmationPopupAfterErrors" duration-ms="12147" started-at="2016-12-03T01:11:20Z" finished-at="2016-12-03T01:11:32Z">
          <reporter-output>
          </reporter-output>
        </test-method> <!-- testAddProductCickOnYesInConfirmationPopupAfterErrors -->
        <test-method status="PASS" signature="tearDown()[pri:0, instance:roi4cio.TestAddProduct@6093dd95]" name="tearDown" is-config="true" duration-ms="256" started-at="2016-12-03T01:11:32Z" finished-at="2016-12-03T01:11:32Z">
          <reporter-output>
          </reporter-output>
        </test-method> <!-- tearDown -->
        <test-method status="PASS" signature="setUp()[pri:0, instance:roi4cio.TestAddProduct@6093dd95]" name="setUp" is-config="true" duration-ms="12500" started-at="2016-12-03T01:11:32Z" finished-at="2016-12-03T01:11:45Z">
          <reporter-output>
          </reporter-output>
        </test-method> <!-- setUp -->
        <test-method status="PASS" signature="testAddProductConfirmationPopup()[pri:0, instance:roi4cio.TestAddProduct@6093dd95]" name="testAddProductConfirmationPopup" duration-ms="6971" started-at="2016-12-03T01:11:45Z" finished-at="2016-12-03T01:11:52Z">
          <reporter-output>
          </reporter-output>
        </test-method> <!-- testAddProductConfirmationPopup -->
        <test-method status="PASS" signature="tearDown()[pri:0, instance:roi4cio.TestAddProduct@6093dd95]" name="tearDown" is-config="true" duration-ms="256" started-at="2016-12-03T01:11:52Z" finished-at="2016-12-03T01:11:52Z">
          <reporter-output>
          </reporter-output>
        </test-method> <!-- tearDown -->
        <test-method status="PASS" signature="setUp()[pri:0, instance:roi4cio.TestAddProduct@6093dd95]" name="setUp" is-config="true" duration-ms="12545" started-at="2016-12-03T01:11:52Z" finished-at="2016-12-03T01:12:05Z">
          <reporter-output>
          </reporter-output>
        </test-method> <!-- setUp -->
        <test-method status="PASS" signature="testAddProductWithEmptyAllFields()[pri:0, instance:roi4cio.TestAddProduct@6093dd95]" name="testAddProductWithEmptyAllFields" duration-ms="9764" started-at="2016-12-03T01:12:05Z" finished-at="2016-12-03T01:12:14Z">
          <reporter-output>
          </reporter-output>
        </test-method> <!-- testAddProductWithEmptyAllFields -->
        <test-method status="PASS" signature="tearDown()[pri:0, instance:roi4cio.TestAddProduct@6093dd95]" name="tearDown" is-config="true" duration-ms="316" started-at="2016-12-03T01:12:14Z" finished-at="2016-12-03T01:12:15Z">
          <reporter-output>
          </reporter-output>
        </test-method> <!-- tearDown -->
        <test-method status="PASS" signature="setUp()[pri:0, instance:roi4cio.TestAddProduct@6093dd95]" name="setUp" is-config="true" duration-ms="12683" started-at="2016-12-03T01:12:15Z" finished-at="2016-12-03T01:12:27Z">
          <reporter-output>
          </reporter-output>
        </test-method> <!-- setUp -->
        <test-method status="PASS" signature="testAddProductWithEmptyCategory()[pri:0, instance:roi4cio.TestAddProduct@6093dd95]" name="testAddProductWithEmptyCategory" duration-ms="7261" started-at="2016-12-03T01:12:27Z" finished-at="2016-12-03T01:12:35Z">
          <reporter-output>
          </reporter-output>
        </test-method> <!-- testAddProductWithEmptyCategory -->
        <test-method status="PASS" signature="tearDown()[pri:0, instance:roi4cio.TestAddProduct@6093dd95]" name="tearDown" is-config="true" duration-ms="264" started-at="2016-12-03T01:12:35Z" finished-at="2016-12-03T01:12:35Z">
          <reporter-output>
          </reporter-output>
        </test-method> <!-- tearDown -->
        <test-method status="PASS" signature="setUp()[pri:0, instance:roi4cio.TestAddProduct@6093dd95]" name="setUp" is-config="true" duration-ms="12452" started-at="2016-12-03T01:12:35Z" finished-at="2016-12-03T01:12:47Z">
          <reporter-output>
          </reporter-output>
        </test-method> <!-- setUp -->
        <test-method status="PASS" signature="testAddProductWithEmptyMandatoryFields()[pri:0, instance:roi4cio.TestAddProduct@6093dd95]" name="testAddProductWithEmptyMandatoryFields" duration-ms="6977" started-at="2016-12-03T01:12:47Z" finished-at="2016-12-03T01:12:54Z">
          <reporter-output>
          </reporter-output>
        </test-method> <!-- testAddProductWithEmptyMandatoryFields -->
        <test-method status="PASS" signature="tearDown()[pri:0, instance:roi4cio.TestAddProduct@6093dd95]" name="tearDown" is-config="true" duration-ms="273" started-at="2016-12-03T01:12:54Z" finished-at="2016-12-03T01:12:55Z">
          <reporter-output>
          </reporter-output>
        </test-method> <!-- tearDown -->
        <test-method status="PASS" signature="setUp()[pri:0, instance:roi4cio.TestAddProduct@6093dd95]" name="setUp" is-config="true" duration-ms="12560" started-at="2016-12-03T01:12:55Z" finished-at="2016-12-03T01:13:07Z">
          <reporter-output>
          </reporter-output>
        </test-method> <!-- setUp -->
        <test-method status="PASS" signature="testAddProductWithFilledAllFields()[pri:0, instance:roi4cio.TestAddProduct@6093dd95]" name="testAddProductWithFilledAllFields" duration-ms="13071" started-at="2016-12-03T01:13:07Z" finished-at="2016-12-03T01:13:20Z">
          <reporter-output>
          </reporter-output>
        </test-method> <!-- testAddProductWithFilledAllFields -->
        <test-method status="PASS" signature="tearDown()[pri:0, instance:roi4cio.TestAddProduct@6093dd95]" name="tearDown" is-config="true" duration-ms="248" started-at="2016-12-03T01:13:20Z" finished-at="2016-12-03T01:13:20Z">
          <reporter-output>
          </reporter-output>
        </test-method> <!-- tearDown -->
        <test-method status="PASS" signature="setUp()[pri:0, instance:roi4cio.TestAddProduct@6093dd95]" name="setUp" is-config="true" duration-ms="14451" started-at="2016-12-03T01:13:20Z" finished-at="2016-12-03T01:13:35Z">
          <reporter-output>
          </reporter-output>
        </test-method> <!-- setUp -->
        <test-method status="PASS" signature="testAddProductWithoutCountry()[pri:0, instance:roi4cio.TestAddProduct@6093dd95]" name="testAddProductWithoutCountry" duration-ms="9559" started-at="2016-12-03T01:13:35Z" finished-at="2016-12-03T01:13:44Z">
          <reporter-output>
          </reporter-output>
        </test-method> <!-- testAddProductWithoutCountry -->
        <test-method status="PASS" signature="tearDown()[pri:0, instance:roi4cio.TestAddProduct@6093dd95]" name="tearDown" is-config="true" duration-ms="251" started-at="2016-12-03T01:13:44Z" finished-at="2016-12-03T01:13:45Z">
          <reporter-output>
          </reporter-output>
        </test-method> <!-- tearDown -->
        <test-method status="PASS" signature="setUp()[pri:0, instance:roi4cio.TestAddProduct@6093dd95]" name="setUp" is-config="true" duration-ms="12392" started-at="2016-12-03T01:13:45Z" finished-at="2016-12-03T01:13:57Z">
          <reporter-output>
          </reporter-output>
        </test-method> <!-- setUp -->
        <test-method status="PASS" signature="testAddProduct()[pri:1, instance:roi4cio.TestAddProduct@6093dd95]" name="testAddProduct" duration-ms="6568" started-at="2016-12-03T01:13:57Z" finished-at="2016-12-03T01:14:04Z">
          <reporter-output>
          </reporter-output>
        </test-method> <!-- testAddProduct -->
        <test-method status="PASS" signature="tearDown()[pri:0, instance:roi4cio.TestAddProduct@6093dd95]" name="tearDown" is-config="true" duration-ms="265" started-at="2016-12-03T01:14:04Z" finished-at="2016-12-03T01:14:04Z">
          <reporter-output>
          </reporter-output>
        </test-method> <!-- tearDown -->
        <test-method status="PASS" signature="setUp()[pri:0, instance:roi4cio.TestAddProduct@6093dd95]" name="setUp" is-config="true" duration-ms="12334" started-at="2016-12-03T01:14:04Z" finished-at="2016-12-03T01:14:16Z">
          <reporter-output>
          </reporter-output>
        </test-method> <!-- setUp -->
        <test-method status="FAIL" signature="testAddProductWithSameName()[pri:2, instance:roi4cio.TestAddProduct@6093dd95]" name="testAddProductWithSameName" duration-ms="7115" started-at="2016-12-03T01:14:16Z" finished-at="2016-12-03T01:14:23Z">
          <exception class="java.lang.AssertionError">
            <message>
              <![CDATA[Product with the same title couldn't be created expected [false] but found [true]]]>
            </message>
            <full-stacktrace>
              <![CDATA[java.lang.AssertionError: Product with the same title couldn't be created expected [false] but found [true]
	at org.testng.Assert.fail(Assert.java:94)
	at org.testng.Assert.failNotEquals(Assert.java:513)
	at org.testng.Assert.assertFalse(Assert.java:63)
	at roi4cio.TestAddProduct.testAddProductWithSameName(TestAddProduct.java:52)
	at sun.reflect.NativeMethodAccessorImpl.invoke0(Native Method)
	at sun.reflect.NativeMethodAccessorImpl.invoke(NativeMethodAccessorImpl.java:62)
	at sun.reflect.DelegatingMethodAccessorImpl.invoke(DelegatingMethodAccessorImpl.java:43)
	at java.lang.reflect.Method.invoke(Method.java:498)
	at org.testng.internal.MethodInvocationHelper.invokeMethod(MethodInvocationHelper.java:86)
	at org.testng.internal.Invoker.invokeMethod(Invoker.java:643)
	at org.testng.internal.Invoker.invokeTestMethod(Invoker.java:820)
	at org.testng.internal.Invoker.invokeTestMethods(Invoker.java:1128)
	at org.testng.internal.TestMethodWorker.invokeTestMethods(TestMethodWorker.java:129)
	at org.testng.internal.TestMethodWorker.run(TestMethodWorker.java:112)
	at org.testng.TestRunner.privateRun(TestRunner.java:782)
	at org.testng.TestRunner.run(TestRunner.java:632)
	at org.testng.SuiteRunner.runTest(SuiteRunner.java:366)
	at org.testng.SuiteRunner.runSequentially(SuiteRunner.java:361)
	at org.testng.SuiteRunner.privateRun(SuiteRunner.java:319)
	at org.testng.SuiteRunner.run(SuiteRunner.java:268)
	at org.testng.SuiteRunnerWorker.runSuite(SuiteRunnerWorker.java:52)
	at org.testng.SuiteRunnerWorker.run(SuiteRunnerWorker.java:86)
	at org.testng.TestNG.runSuitesSequentially(TestNG.java:1244)
	at org.testng.TestNG.runSuitesLocally(TestNG.java:1169)
	at org.testng.TestNG.run(TestNG.java:1064)
	at org.apache.maven.surefire.testng.TestNGExecutor.run(TestNGExecutor.java:132)
	at org.apache.maven.surefire.testng.TestNGDirectoryTestSuite.executeMulti(TestNGDirectoryTestSuite.java:193)
	at org.apache.maven.surefire.testng.TestNGDirectoryTestSuite.execute(TestNGDirectoryTestSuite.java:94)
	at org.apache.maven.surefire.testng.TestNGProvider.invoke(TestNGProvider.java:147)
	at org.apache.maven.surefire.booter.ForkedBooter.invokeProviderInSameClassLoader(ForkedBooter.java:290)
	at org.apache.maven.surefire.booter.ForkedBooter.runSuitesInProcess(ForkedBooter.java:242)
	at org.apache.maven.surefire.booter.ForkedBooter.main(ForkedBooter.java:121)
]]>
            </full-stacktrace>
          </exception> <!-- java.lang.AssertionError -->
          <reporter-output>
          </reporter-output>
        </test-method> <!-- testAddProductWithSameName -->
        <test-method status="PASS" signature="tearDown()[pri:0, instance:roi4cio.TestAddProduct@6093dd95]" name="tearDown" is-config="true" duration-ms="258" started-at="2016-12-03T01:14:23Z" finished-at="2016-12-03T01:14:24Z">
          <reporter-output>
          </reporter-output>
        </test-method> <!-- tearDown -->
      </class> <!-- roi4cio.TestAddProduct -->
    </test> <!-- Surefire test -->
  </suite> <!-- Surefire suite -->
</testng-results>
