<?xml version="1.0" encoding="UTF-8"?>
<testsuite xmlns:xsi="http://www.w3.org/2001/XMLSchema-instance" xsi:schemaLocation="https://maven.apache.org/surefire/maven-surefire-plugin/xsd/surefire-test-report.xsd" name="TestSuite" time="324.061" tests="17" errors="0" skipped="0" failures="1">
  <properties>
[...]
</properties>
  <testcase name="testAddPdocutWithEmptyDeliveryAndCategory" classname="roi4cio.TestAddProduct" time="7.734"/>
  <testcase name="testAddProductCickOnYesInConfirmationPopup" classname="roi4cio.TestAddProduct" time="11.021"/>
  <testcase name="testAddProductCickOnYesInConfirmationPopupAfterErrors" classname="roi4cio.TestAddProduct" time="12.149"/>
  <testcase name="testAddProductConfirmationPopup" classname="roi4cio.TestAddProduct" time="6.972"/>
  <testcase name="testAddProductWithEmptyAllFields" classname="roi4cio.TestAddProduct" time="9.762"/>
  <testcase name="testAddProductWithEmptyCategory" classname="roi4cio.TestAddProduct" time="7.261"/>
  <testcase name="testAddProductWithEmptyMandatoryFields" classname="roi4cio.TestAddProduct" time="6.979"/>
  <testcase name="testAddProductWithFilledAllFields" classname="roi4cio.TestAddProduct" time="13.071"/>
  <testcase name="testAddProductWithoutCountry" classname="roi4cio.TestAddProduct" time="9.559"/>
  <testcase name="testAddProduct" classname="roi4cio.TestAddProduct" time="6.568"/>
  <testcase name="testAddProductWithSameName" classname="roi4cio.TestAddProduct" time="7.124">
    <failure message="Product with the same title couldn&apos;t be created expected [false] but found [true]" type="java.lang.AssertionError">java.lang.AssertionError: Product with the same title couldn't be created expected [false] but found [true]
	at roi4cio.TestAddProduct.testAddProductWithSameName(TestAddProduct.java:52)
</failure>
    <system-err><![CDATA[1480720444438	geckodriver	INFO	Listening on 127.0.0.1:31218
дек 03, 2016 1:14:04 AM org.openqa.selenium.remote.ProtocolHandshake createSession
INFO: Attempting bi-dialect session, assuming Postel's Law holds true on the remote end
1480720444916	mozprofile::profile	INFO	Using profile path C:\Users\Lenovo\AppData\Local\Temp\rust_mozprofile.66CK9BmZeafI
1480720444927	geckodriver::marionette	INFO	Starting browser C:\Program Files\Mozilla Firefox\firefox.exe
1480720444946	geckodriver::marionette	INFO	Connecting to Marionette on localhost:53177
1480720445644	Marionette	INFO	Listening on port 53177
дек 03, 2016 1:14:07 AM org.openqa.selenium.remote.ProtocolHandshake createSession
INFO: Detected dialect: W3C
]]></system-err>
  </testcase>
  <testcase name="EmailAndPasswordFieldsAreEmpty" classname="roi4cio.TestLoginPage" time="3.325"/>
  <testcase name="EmailFieldIsEmpty" classname="roi4cio.TestLoginPage" time="3.582"/>
  <testcase name="InvalidInputDataForLogin" classname="roi4cio.TestLoginPage" time="3.474"/>
  <testcase name="LogoutAfterLogin" classname="roi4cio.TestLoginPage" time="5.449"/>
  <testcase name="PasswordFieldIsEmpty" classname="roi4cio.TestLoginPage" time="3.379"/>
  <testcase name="ValidInputDataForlogin" classname="roi4cio.TestLoginPage" time="5.38"/>
</testsuite>