<?xml version="1.0" encoding="UTF-8"?>
<testng-results skipped="0" failed="1" total="6" passed="5">
  <reporter-output>
  </reporter-output>
  <suite name="Default suite" duration-ms="132402" started-at="2016-12-07T23:59:15Z" finished-at="2016-12-08T00:01:27Z">
    <groups>
    </groups>
    <test name="Default test" duration-ms="132402" started-at="2016-12-07T23:59:15Z" finished-at="2016-12-08T00:01:27Z">
      <class name="roi4cio.TestLoginPage">
        <test-method status="PASS" signature="setUp()[pri:0, instance:roi4cio.TestLoginPage@61f8bee4]" name="setUp" is-config="true" duration-ms="11747" started-at="2016-12-08T01:59:15Z" finished-at="2016-12-08T01:59:27Z">
          <reporter-output>
          </reporter-output>
        </test-method> <!-- setUp -->
        <test-method status="PASS" signature="PasswordFieldIsEmpty()[pri:0, instance:roi4cio.TestLoginPage@61f8bee4]" name="PasswordFieldIsEmpty" duration-ms="4459" started-at="2016-12-08T01:59:27Z" finished-at="2016-12-08T01:59:31Z">
          <reporter-output>
          </reporter-output>
        </test-method> <!-- PasswordFieldIsEmpty -->
        <test-method status="PASS" signature="tearDown()[pri:0, instance:roi4cio.TestLoginPage@61f8bee4]" name="tearDown" is-config="true" duration-ms="466" started-at="2016-12-08T01:59:31Z" finished-at="2016-12-08T01:59:32Z">
          <reporter-output>
          </reporter-output>
        </test-method> <!-- tearDown -->
        <test-method status="PASS" signature="setUp()[pri:0, instance:roi4cio.TestLoginPage@61f8bee4]" name="setUp" is-config="true" duration-ms="11001" started-at="2016-12-08T01:59:32Z" finished-at="2016-12-08T01:59:43Z">
          <reporter-output>
          </reporter-output>
        </test-method> <!-- setUp -->
        <test-method status="PASS" signature="emailAndPasswordFieldsAreEmpty()[pri:0, instance:roi4cio.TestLoginPage@61f8bee4]" name="emailAndPasswordFieldsAreEmpty" duration-ms="4209" started-at="2016-12-08T01:59:43Z" finished-at="2016-12-08T01:59:47Z">
          <reporter-output>
          </reporter-output>
        </test-method> <!-- emailAndPasswordFieldsAreEmpty -->
        <test-method status="PASS" signature="tearDown()[pri:0, instance:roi4cio.TestLoginPage@61f8bee4]" name="tearDown" is-config="true" duration-ms="255" started-at="2016-12-08T01:59:47Z" finished-at="2016-12-08T01:59:47Z">
          <reporter-output>
          </reporter-output>
        </test-method> <!-- tearDown -->
        <test-method status="PASS" signature="setUp()[pri:0, instance:roi4cio.TestLoginPage@61f8bee4]" name="setUp" is-config="true" duration-ms="10869" started-at="2016-12-08T01:59:47Z" finished-at="2016-12-08T01:59:58Z">
          <reporter-output>
          </reporter-output>
        </test-method> <!-- setUp -->
        <test-method status="PASS" signature="emailFieldIsEmpty()[pri:0, instance:roi4cio.TestLoginPage@61f8bee4]" name="emailFieldIsEmpty" duration-ms="3331" started-at="2016-12-08T01:59:58Z" finished-at="2016-12-08T02:00:01Z">
          <reporter-output>
          </reporter-output>
        </test-method> <!-- emailFieldIsEmpty -->
        <test-method status="PASS" signature="tearDown()[pri:0, instance:roi4cio.TestLoginPage@61f8bee4]" name="tearDown" is-config="true" duration-ms="276" started-at="2016-12-08T02:00:01Z" finished-at="2016-12-08T02:00:01Z">
          <reporter-output>
          </reporter-output>
        </test-method> <!-- tearDown -->
        <test-method status="PASS" signature="setUp()[pri:0, instance:roi4cio.TestLoginPage@61f8bee4]" name="setUp" is-config="true" duration-ms="19642" started-at="2016-12-08T02:00:01Z" finished-at="2016-12-08T02:00:21Z">
          <reporter-output>
          </reporter-output>
        </test-method> <!-- setUp -->
        <test-method status="PASS" signature="invalidInputDataForLogin()[pri:0, instance:roi4cio.TestLoginPage@61f8bee4]" name="invalidInputDataForLogin" duration-ms="3771" started-at="2016-12-08T02:00:21Z" finished-at="2016-12-08T02:00:25Z">
          <reporter-output>
          </reporter-output>
        </test-method> <!-- invalidInputDataForLogin -->
        <test-method status="PASS" signature="tearDown()[pri:0, instance:roi4cio.TestLoginPage@61f8bee4]" name="tearDown" is-config="true" duration-ms="247" started-at="2016-12-08T02:00:25Z" finished-at="2016-12-08T02:00:25Z">
          <reporter-output>
          </reporter-output>
        </test-method> <!-- tearDown -->
        <test-method status="PASS" signature="setUp()[pri:0, instance:roi4cio.TestLoginPage@61f8bee4]" name="setUp" is-config="true" duration-ms="9700" started-at="2016-12-08T02:00:25Z" finished-at="2016-12-08T02:00:35Z">
          <reporter-output>
          </reporter-output>
        </test-method> <!-- setUp -->
        <test-method status="FAIL" signature="logoutAfterLogin()[pri:0, instance:roi4cio.TestLoginPage@61f8bee4]" name="logoutAfterLogin" duration-ms="35742" started-at="2016-12-08T02:00:35Z" finished-at="2016-12-08T02:01:11Z">
          <exception class="org.openqa.selenium.NoSuchElementException">
            <message>
              <![CDATA[Unable to locate element: //*[@class='home slider']
For documentation on this error, please visit: http://seleniumhq.org/exceptions/no_such_element.html
Build info: version: '3.0.1', revision: '1969d75', time: '2016-10-18 09:49:13 -0700'
System info: host: 'DESKTOP-HEOVU1M', ip: '192.168.1.17', os.name: 'Windows 10', os.arch: 'amd64', os.version: '10.0', java.version: '1.8.0_91'
Driver info: org.openqa.selenium.firefox.FirefoxDriver
Capabilities [{rotatable=false, raisesAccessibilityExceptions=false, marionette=true, firefoxOptions={args=[], prefs={}}, appBuildId=20161129173726, version=, platform=XP, proxy={}, command_id=1, specificationLevel=0, acceptSslCerts=false, processId=11940, browserVersion=50.0.2, platformVersion=10.0, XULappId={ec8030f7-c20a-464f-9b0e-13a3a9e97384}, browserName=firefox, takesScreenshot=true, takesElementScreenshot=true, platformName=windows_nt}]
Session ID: bb50d018-83ad-4565-ba08-d48b1284b473
*** Element info: {Using=xpath, value=//*[@class='home slider']}]]>
            </message>
            <full-stacktrace>
              <![CDATA[org.openqa.selenium.NoSuchElementException: Unable to locate element: //*[@class='home slider']
For documentation on this error, please visit: http://seleniumhq.org/exceptions/no_such_element.html
Build info: version: '3.0.1', revision: '1969d75', time: '2016-10-18 09:49:13 -0700'
System info: host: 'DESKTOP-HEOVU1M', ip: '192.168.1.17', os.name: 'Windows 10', os.arch: 'amd64', os.version: '10.0', java.version: '1.8.0_91'
Driver info: org.openqa.selenium.firefox.FirefoxDriver
Capabilities [{rotatable=false, raisesAccessibilityExceptions=false, marionette=true, firefoxOptions={args=[], prefs={}}, appBuildId=20161129173726, version=, platform=XP, proxy={}, command_id=1, specificationLevel=0, acceptSslCerts=false, processId=11940, browserVersion=50.0.2, platformVersion=10.0, XULappId={ec8030f7-c20a-464f-9b0e-13a3a9e97384}, browserName=firefox, takesScreenshot=true, takesElementScreenshot=true, platformName=windows_nt}]
Session ID: bb50d018-83ad-4565-ba08-d48b1284b473
*** Element info: {Using=xpath, value=//*[@class='home slider']}
	at sun.reflect.NativeConstructorAccessorImpl.newInstance0(Native Method)
	at sun.reflect.NativeConstructorAccessorImpl.newInstance(NativeConstructorAccessorImpl.java:62)
	at sun.reflect.DelegatingConstructorAccessorImpl.newInstance(DelegatingConstructorAccessorImpl.java:45)
	at java.lang.reflect.Constructor.newInstance(Constructor.java:423)
	at org.openqa.selenium.remote.http.W3CHttpResponseCodec.createException(W3CHttpResponseCodec.java:127)
	at org.openqa.selenium.remote.http.W3CHttpResponseCodec.decode(W3CHttpResponseCodec.java:93)
	at org.openqa.selenium.remote.http.W3CHttpResponseCodec.decode(W3CHttpResponseCodec.java:42)
	at org.openqa.selenium.remote.HttpCommandExecutor.execute(HttpCommandExecutor.java:163)
	at org.openqa.selenium.remote.service.DriverCommandExecutor.execute(DriverCommandExecutor.java:82)
	at org.openqa.selenium.remote.RemoteWebDriver.execute(RemoteWebDriver.java:601)
	at org.openqa.selenium.remote.RemoteWebDriver.findElement(RemoteWebDriver.java:368)
	at org.openqa.selenium.remote.RemoteWebDriver.findElementByXPath(RemoteWebDriver.java:473)
	at org.openqa.selenium.By$ByXPath.findElement(By.java:361)
	at org.openqa.selenium.remote.RemoteWebDriver.findElement(RemoteWebDriver.java:360)
	at org.openqa.selenium.support.pagefactory.DefaultElementLocator.findElement(DefaultElementLocator.java:69)
	at org.openqa.selenium.support.pagefactory.internal.LocatingElementHandler.invoke(LocatingElementHandler.java:38)
	at com.sun.proxy.$Proxy11.isDisplayed(Unknown Source)
	at roi4cio.login.MyProfilePage.isHomeSliderDisplay(MyProfilePage.java:49)
	at roi4cio.TestLoginPage.logoutAfterLogin(TestLoginPage.java:45)
	at sun.reflect.NativeMethodAccessorImpl.invoke0(Native Method)
	at sun.reflect.NativeMethodAccessorImpl.invoke(NativeMethodAccessorImpl.java:62)
	at sun.reflect.DelegatingMethodAccessorImpl.invoke(DelegatingMethodAccessorImpl.java:43)
	at java.lang.reflect.Method.invoke(Method.java:498)
	at org.testng.internal.MethodInvocationHelper.invokeMethod(MethodInvocationHelper.java:86)
	at org.testng.internal.Invoker.invokeMethod(Invoker.java:643)
	at org.testng.internal.Invoker.invokeTestMethod(Invoker.java:820)
	at org.testng.internal.Invoker.invokeTestMethods(Invoker.java:1128)
	at org.testng.internal.TestMethodWorker.invokeTestMethods(TestMethodWorker.java:129)
	at org.testng.internal.TestMethodWorker.run(TestMethodWorker.java:112)
	at org.testng.TestRunner.privateRun(TestRunner.java:782)
	at org.testng.TestRunner.run(TestRunner.java:632)
	at org.testng.SuiteRunner.runTest(SuiteRunner.java:366)
	at org.testng.SuiteRunner.runSequentially(SuiteRunner.java:361)
	at org.testng.SuiteRunner.privateRun(SuiteRunner.java:319)
	at org.testng.SuiteRunner.run(SuiteRunner.java:268)
	at org.testng.SuiteRunnerWorker.runSuite(SuiteRunnerWorker.java:52)
	at org.testng.SuiteRunnerWorker.run(SuiteRunnerWorker.java:86)
	at org.testng.TestNG.runSuitesSequentially(TestNG.java:1244)
	at org.testng.TestNG.runSuitesLocally(TestNG.java:1169)
	at org.testng.TestNG.run(TestNG.java:1064)
	at org.testng.remote.AbstractRemoteTestNG.run(AbstractRemoteTestNG.java:132)
	at org.testng.remote.RemoteTestNG.initAndRun(RemoteTestNG.java:236)
	at org.testng.remote.RemoteTestNG.main(RemoteTestNG.java:81)
]]>
            </full-stacktrace>
          </exception> <!-- org.openqa.selenium.NoSuchElementException -->
          <reporter-output>
          </reporter-output>
        </test-method> <!-- logoutAfterLogin -->
        <test-method status="PASS" signature="tearDown()[pri:0, instance:roi4cio.TestLoginPage@61f8bee4]" name="tearDown" is-config="true" duration-ms="333" started-at="2016-12-08T02:01:11Z" finished-at="2016-12-08T02:01:11Z">
          <reporter-output>
          </reporter-output>
        </test-method> <!-- tearDown -->
        <test-method status="PASS" signature="setUp()[pri:0, instance:roi4cio.TestLoginPage@61f8bee4]" name="setUp" is-config="true" duration-ms="10247" started-at="2016-12-08T02:01:11Z" finished-at="2016-12-08T02:01:21Z">
          <reporter-output>
          </reporter-output>
        </test-method> <!-- setUp -->
        <test-method status="PASS" signature="validInputDataForlogin()[pri:0, instance:roi4cio.TestLoginPage@61f8bee4]" name="validInputDataForlogin" duration-ms="5809" started-at="2016-12-08T02:01:21Z" finished-at="2016-12-08T02:01:27Z">
          <reporter-output>
          </reporter-output>
        </test-method> <!-- validInputDataForlogin -->
        <test-method status="PASS" signature="tearDown()[pri:0, instance:roi4cio.TestLoginPage@61f8bee4]" name="tearDown" is-config="true" duration-ms="240" started-at="2016-12-08T02:01:27Z" finished-at="2016-12-08T02:01:27Z">
          <reporter-output>
          </reporter-output>
        </test-method> <!-- tearDown -->
      </class> <!-- roi4cio.TestLoginPage -->
    </test> <!-- Default test -->
  </suite> <!-- Default suite -->
</testng-results>
